<?xml version="1.0" encoding="UTF-8"?>
<testsuite xmlns:xsi="http://www.w3.org/2001/XMLSchema-instance" xsi:noNamespaceSchemaLocation="https://maven.apache.org/surefire/maven-surefire-plugin/xsd/surefire-test-report.xsd" version="3.0.2" name="com.collab.editor.collaborative_code_editor.CollabrativeCodeEditorApplicationTests" time="1.264" tests="1" errors="0" skipped="0" failures="0">
  <properties>
[...]
</properties>
  <testcase name="contextLoads" classname="com.collab.editor.collaborative_code_editor.CollabrativeCodeEditorApplicationTests" time="0.367">
    <system-out><![CDATA[19:55:43.485 [main] INFO org.springframework.test.context.support.AnnotationConfigContextLoaderUtils -- Could not detect default configuration classes for test class [com.collab.editor.collaborative_code_editor.CollabrativeCodeEditorApplicationTests]: CollabrativeCodeEditorApplicationTests does not declare any static, non-private, non-final, nested classes annotated with @Configuration.
19:55:43.529 [main] INFO org.springframework.boot.test.context.SpringBootTestContextBootstrapper -- Found @SpringBootConfiguration com.collab.editor.collaborative_code_editor.CollaborativeCodeEditorApplication for test class com.collab.editor.collaborative_code_editor.CollabrativeCodeEditorApplicationTests

  .   ____          _            __ _ _
 /\\ / ___'_ __ _ _(_)_ __  __ _ \ \ \ \
( ( )\___ | '_ | '_| | '_ \/ _` | \ \ \ \
 \\/  ___)| |_)| | | | | || (_| |  ) ) ) )
  '  |____| .__|_| |_|_| |_\__, | / / / /
 =========|_|==============|___/=/_/_/_/

 :: Spring Boot ::                (v3.4.3)

2025-03-09T19:55:43.693+05:30  WARN 16995 --- [collabrative-code-editor] [           main] ory$DuplicateJsonObjectContextCustomizer : 

Found multiple occurrences of org.json.JSONObject on the class path:

	jar:file:/Users/reethu/.m2/repository/org/json/json/20210307/json-20210307.jar!/org/json/JSONObject.class
	jar:file:/Users/reethu/.m2/repository/com/vaadin/external/google/android-json/0.0.20131108.vaadin1/android-json-0.0.20131108.vaadin1.jar!/org/json/JSONObject.class

You may wish to exclude one of them to ensure predictable runtime behavior

2025-03-09T19:55:43.701+05:30  INFO 16995 --- [collabrative-code-editor] [           main] c.CollabrativeCodeEditorApplicationTests : Starting CollabrativeCodeEditorApplicationTests using Java 17.0.10 with PID 16995 (started by reethu in /Users/reethu/coding/Projects/collaborative-code-editor)
2025-03-09T19:55:43.702+05:30  INFO 16995 --- [collabrative-code-editor] [           main] c.CollabrativeCodeEditorApplicationTests : No active profile set, falling back to 1 default profile: "default"
2025-03-09T19:55:44.297+05:30  INFO 16995 --- [collabrative-code-editor] [           main] o.s.m.s.b.SimpleBrokerMessageHandler     : Starting...
2025-03-09T19:55:44.298+05:30  INFO 16995 --- [collabrative-code-editor] [           main] o.s.m.s.b.SimpleBrokerMessageHandler     : BrokerAvailabilityEvent[available=true, SimpleBrokerMessageHandler [org.springframework.messaging.simp.broker.DefaultSubscriptionRegistry@6a15b73]]
2025-03-09T19:55:44.298+05:30  INFO 16995 --- [collabrative-code-editor] [           main] o.s.m.s.b.SimpleBrokerMessageHandler     : Started.
2025-03-09T19:55:44.302+05:30  INFO 16995 --- [collabrative-code-editor] [           main] c.CollabrativeCodeEditorApplicationTests : Started CollabrativeCodeEditorApplicationTests in 0.719 seconds (process running for 1.107)
]]></system-out>
  </testcase>
</testsuite>